<?xml version="1.0" encoding="UTF-8"?>
<testsuites name="SearchProducts" time="157.521" tests="2" failures="0" errors="0">
   <testsuite name="SearchProducts" tests="2" failures="0" errors="0" time="157.521" skipped="0" timestamp="21-08-2024T02:06:26" hostname="Dell - DESKTOP-RBJSP3C" id="Test Suites/SearchProducts">
      <properties>
[...]
</properties>
      <testcase name="Test Cases/TC_SearchProducts" time="81.108" classname="Test Cases/TC_SearchProducts" status="PASSED">
         <system-out><![CDATA[21-08-2024T02:06:27 - [TEST_CASE][PASSED] - Test Cases/TC_SearchProducts: Test Cases/TC_SearchProducts

21-08-2024T02:06:28 - [TEST_STEP][PASSED] - com.Commons.CommonMethods.navigateToUrl(url): com.Commons.CommonMethods.navigateToUrl is PASSED

21-08-2024T02:06:28 - [MESSAGE][INFO] - Starting 'Chrome' driver

21-08-2024T02:06:28 - [MESSAGE][INFO] - Action delay is set to 0 milliseconds

21-08-2024T02:06:31 - [MESSAGE][PASSED] - Browser is opened with url: ''

21-08-2024T02:06:35 - [MESSAGE][PASSED] - Navigate to 'https://www.douglas.de/de' successfully

21-08-2024T02:06:35 - [MESSAGE][PASSED] - Current window maximized

21-08-2024T02:06:50 - [MESSAGE][PASSED] - Delayed 15 second(s)

21-08-2024T02:06:51 - [MESSAGE][PASSED] - Taking screenshot successfully
[[ATTACHMENT|C:\\Users\\Dell\\git\\Applause_Assignment\\Reports\\20240821_020619\\SearchProducts\\20240821_020619\\1724186211351.png]]

21-08-2024T02:06:51 - [MESSAGE][PASSED] - com.Commons.CommonMethods.navigateToUrl is PASSED

21-08-2024T02:06:51 - [TEST_STEP][PASSED] - com.Commons.CommonMethods.selctCriteria(Criteria): com.Commons.CommonMethods.selctCriteria is PASSED

21-08-2024T02:06:52 - [MESSAGE][PASSED] - Object 'Object Repository/Filters/select_Criteria' is clickable

21-08-2024T02:06:53 - [MESSAGE][PASSED] - Object: 'Object Repository/Filters/button_Next' is clicked on

21-08-2024T02:06:54 - [MESSAGE][PASSED] - Object: 'Object Repository/Filters/select_Criteria' is clicked on

21-08-2024T02:06:56 - [MESSAGE][PASSED] - Delayed 2 second(s)

21-08-2024T02:07:02 - [MESSAGE][PASSED] - Object: 'Object Repository/Filters/button_Next' is clicked on

21-08-2024T02:07:02 - [MESSAGE][PASSED] - Taking screenshot successfully
[[ATTACHMENT|C:\\Users\\Dell\\git\\Applause_Assignment\\Reports\\20240821_020619\\SearchProducts\\20240821_020619\\1724186222820.png]]

21-08-2024T02:07:02 - [MESSAGE][PASSED] - com.Commons.CommonMethods.selctCriteria is PASSED

21-08-2024T02:07:02 - [TEST_STEP][PASSED] - com.Commons.CommonMethods.selectFilters(Marke, Produktart, GeschenkFur, FurWen): com.Commons.CommonMethods.selectFilters is PASSED

21-08-2024T02:07:03 - [MESSAGE][PASSED] - Object 'Object Repository/Filters/select_Filter' is clickable

21-08-2024T02:07:05 - [MESSAGE][PASSED] - Object: 'Object Repository/Filters/select_Filter' is clicked on

21-08-2024T02:07:06 - [MESSAGE][PASSED] - Object: 'Object Repository/Filters/logo' is hovered

21-08-2024T02:07:08 - [MESSAGE][PASSED] - Delayed 2 second(s)

21-08-2024T02:07:08 - [MESSAGE][PASSED] - Object 'Object Repository/Filters/select_checkBox' is clickable

21-08-2024T02:07:09 - [MESSAGE][PASSED] - Object 'Object Repository/Filters/select_checkBox' is checked

21-08-2024T02:07:13 - [MESSAGE][PASSED] - Object: 'Object Repository/Filters/button_Produkte anzeigen' is clicked on

21-08-2024T02:07:14 - [MESSAGE][PASSED] - Taking screenshot successfully
[[ATTACHMENT|C:\\Users\\Dell\\git\\Applause_Assignment\\Reports\\20240821_020619\\SearchProducts\\20240821_020619\\1724186233891.png]]

21-08-2024T02:07:19 - [MESSAGE][PASSED] - Delayed 5 second(s)

21-08-2024T02:07:19 - [MESSAGE][PASSED] - Object 'Object Repository/Filters/select_Filter' is clickable

21-08-2024T02:07:19 - [MESSAGE][PASSED] - Object: 'Object Repository/Filters/select_Filter' is clicked on

21-08-2024T02:07:20 - [MESSAGE][PASSED] - Object: 'Object Repository/Filters/logo' is hovered

21-08-2024T02:07:22 - [MESSAGE][PASSED] - Delayed 2 second(s)

21-08-2024T02:07:22 - [MESSAGE][PASSED] - Object 'Object Repository/Filters/select_checkBox' is clickable

21-08-2024T02:07:23 - [MESSAGE][PASSED] - Object 'Object Repository/Filters/select_checkBox' is checked

21-08-2024T02:07:25 - [MESSAGE][PASSED] - Object: 'Object Repository/Filters/button_Produkte anzeigen' is clicked on

21-08-2024T02:07:26 - [MESSAGE][PASSED] - Taking screenshot successfully
[[ATTACHMENT|C:\\Users\\Dell\\git\\Applause_Assignment\\Reports\\20240821_020619\\SearchProducts\\20240821_020619\\1724186246303.png]]

21-08-2024T02:07:31 - [MESSAGE][PASSED] - Delayed 5 second(s)

21-08-2024T02:07:36 - [MESSAGE][PASSED] - Delayed 5 second(s)

21-08-2024T02:07:36 - [MESSAGE][PASSED] - Object 'Object Repository/Filters/select_Filter' is clickable

21-08-2024T02:07:37 - [MESSAGE][PASSED] - Object: 'Object Repository/Filters/select_Filter' is clicked on

21-08-2024T02:07:38 - [MESSAGE][PASSED] - Object: 'Object Repository/Filters/logo' is hovered

21-08-2024T02:07:40 - [MESSAGE][PASSED] - Delayed 2 second(s)

21-08-2024T02:07:40 - [MESSAGE][PASSED] - Object 'Object Repository/Filters/select_checkBox' is clickable

21-08-2024T02:07:41 - [MESSAGE][PASSED] - Object 'Object Repository/Filters/select_checkBox' is checked

21-08-2024T02:07:43 - [MESSAGE][PASSED] - Object: 'Object Repository/Filters/button_Produkte anzeigen' is clicked on

21-08-2024T02:07:44 - [MESSAGE][PASSED] - Taking screenshot successfully
[[ATTACHMENT|C:\\Users\\Dell\\git\\Applause_Assignment\\Reports\\20240821_020619\\SearchProducts\\20240821_020619\\1724186264041.png]]

21-08-2024T02:07:44 - [MESSAGE][PASSED] - com.Commons.CommonMethods.selectFilters is PASSED

21-08-2024T02:07:44 - [TEST_STEP][PASSED] - com.Commons.CommonMethods.listOutTheProductBasedOnFilters(): com.Commons.CommonMethods.listOutTheProductBasedOnFilters is PASSED

21-08-2024T02:07:44 - [MESSAGE][PASSED] - Object 'Object Repository/Filters/product_Names' is visible

21-08-2024T02:07:44 - [MESSAGE][INFO] - productBrands = -417

21-08-2024T02:07:44 - [MESSAGE][INFO] - productBrands = -417

21-08-2024T02:07:47 - [MESSAGE][INFO] - 0 hidden object(s)

21-08-2024T02:07:47 - [MESSAGE][PASSED] - Taking screenshot successfully
[[ATTACHMENT|C:\\Users\\Dell\\git\\Applause_Assignment\\Reports\\20240821_020619\\SearchProducts\\20240821_020619\\1724186264993.png]]

21-08-2024T02:07:47 - [MESSAGE][PASSED] - com.Commons.CommonMethods.listOutTheProductBasedOnFilters is PASSED

21-08-2024T02:07:47 - [TEST_STEP][PASSED] - closeBrowser(): Browser is closed

21-08-2024T02:07:48 - [MESSAGE][PASSED] - Browser is closed]]></system-out>
         <system-err><![CDATA[]]></system-err>
      </testcase>
      <testcase name="Test Cases/TC_SearchProducts" time="75.78" classname="Test Cases/TC_SearchProducts" status="PASSED">
         <system-out><![CDATA[21-08-2024T02:07:48 - [TEST_CASE][PASSED] - Test Cases/TC_SearchProducts: Test Cases/TC_SearchProducts

21-08-2024T02:07:48 - [TEST_STEP][PASSED] - com.Commons.CommonMethods.navigateToUrl(url): com.Commons.CommonMethods.navigateToUrl is PASSED

21-08-2024T02:07:48 - [MESSAGE][INFO] - Starting 'Chrome' driver

21-08-2024T02:07:48 - [MESSAGE][INFO] - Action delay is set to 0 milliseconds

21-08-2024T02:07:49 - [MESSAGE][PASSED] - Browser is opened with url: ''

21-08-2024T02:07:52 - [MESSAGE][PASSED] - Navigate to 'https://www.douglas.de/de' successfully

21-08-2024T02:07:53 - [MESSAGE][PASSED] - Current window maximized

21-08-2024T02:08:08 - [MESSAGE][PASSED] - Delayed 15 second(s)

21-08-2024T02:08:09 - [MESSAGE][PASSED] - Taking screenshot successfully
[[ATTACHMENT|C:\\Users\\Dell\\git\\Applause_Assignment\\Reports\\20240821_020619\\SearchProducts\\20240821_020619\\1724186288743.png]]

21-08-2024T02:08:09 - [MESSAGE][PASSED] - com.Commons.CommonMethods.navigateToUrl is PASSED

21-08-2024T02:08:09 - [TEST_STEP][PASSED] - com.Commons.CommonMethods.selctCriteria(Criteria): com.Commons.CommonMethods.selctCriteria is PASSED

21-08-2024T02:08:09 - [MESSAGE][PASSED] - Object 'Object Repository/Filters/select_Criteria' is clickable

21-08-2024T02:08:10 - [MESSAGE][PASSED] - Object: 'Object Repository/Filters/button_Next' is clicked on

21-08-2024T02:08:11 - [MESSAGE][PASSED] - Object: 'Object Repository/Filters/select_Criteria' is clicked on

21-08-2024T02:08:13 - [MESSAGE][PASSED] - Delayed 2 second(s)

21-08-2024T02:08:19 - [MESSAGE][PASSED] - Object: 'Object Repository/Filters/button_Next' is clicked on

21-08-2024T02:08:20 - [MESSAGE][PASSED] - Taking screenshot successfully
[[ATTACHMENT|C:\\Users\\Dell\\git\\Applause_Assignment\\Reports\\20240821_020619\\SearchProducts\\20240821_020619\\1724186300439.png]]

21-08-2024T02:08:20 - [MESSAGE][PASSED] - com.Commons.CommonMethods.selctCriteria is PASSED

21-08-2024T02:08:20 - [TEST_STEP][PASSED] - com.Commons.CommonMethods.selectFilters(Marke, Produktart, GeschenkFur, FurWen): com.Commons.CommonMethods.selectFilters is PASSED

21-08-2024T02:08:25 - [MESSAGE][PASSED] - Delayed 5 second(s)

21-08-2024T02:08:25 - [MESSAGE][PASSED] - Object 'Object Repository/Filters/select_Filter' is clickable

21-08-2024T02:08:26 - [MESSAGE][PASSED] - Object: 'Object Repository/Filters/select_Filter' is clicked on

21-08-2024T02:08:27 - [MESSAGE][PASSED] - Object: 'Object Repository/Filters/logo' is hovered

21-08-2024T02:08:29 - [MESSAGE][PASSED] - Delayed 2 second(s)

21-08-2024T02:08:29 - [MESSAGE][PASSED] - Object 'Object Repository/Filters/select_checkBox' is clickable

21-08-2024T02:08:30 - [MESSAGE][PASSED] - Object 'Object Repository/Filters/select_checkBox' is checked

21-08-2024T02:08:32 - [MESSAGE][PASSED] - Object: 'Object Repository/Filters/button_Produkte anzeigen' is clicked on

21-08-2024T02:08:34 - [MESSAGE][PASSED] - Taking screenshot successfully
[[ATTACHMENT|C:\\Users\\Dell\\git\\Applause_Assignment\\Reports\\20240821_020619\\SearchProducts\\20240821_020619\\1724186314501.png]]

21-08-2024T02:08:39 - [MESSAGE][PASSED] - Delayed 5 second(s)

21-08-2024T02:08:44 - [MESSAGE][PASSED] - Delayed 5 second(s)

21-08-2024T02:08:45 - [MESSAGE][PASSED] - Object 'Object Repository/Filters/select_Filter' is clickable

21-08-2024T02:08:45 - [MESSAGE][PASSED] - Object: 'Object Repository/Filters/select_Filter' is clicked on

21-08-2024T02:08:46 - [MESSAGE][PASSED] - Object: 'Object Repository/Filters/logo' is hovered

21-08-2024T02:08:48 - [MESSAGE][PASSED] - Delayed 2 second(s)

21-08-2024T02:08:48 - [MESSAGE][PASSED] - Object 'Object Repository/Filters/select_checkBox' is clickable

21-08-2024T02:08:49 - [MESSAGE][PASSED] - Object 'Object Repository/Filters/select_checkBox' is checked

21-08-2024T02:08:53 - [MESSAGE][PASSED] - Object: 'Object Repository/Filters/button_Produkte anzeigen' is clicked on

21-08-2024T02:08:53 - [MESSAGE][PASSED] - Taking screenshot successfully
[[ATTACHMENT|C:\\Users\\Dell\\git\\Applause_Assignment\\Reports\\20240821_020619\\SearchProducts\\20240821_020619\\1724186333713.png]]

21-08-2024T02:08:53 - [MESSAGE][PASSED] - com.Commons.CommonMethods.selectFilters is PASSED

21-08-2024T02:08:53 - [TEST_STEP][PASSED] - com.Commons.CommonMethods.listOutTheProductBasedOnFilters(): com.Commons.CommonMethods.listOutTheProductBasedOnFilters is PASSED

21-08-2024T02:08:54 - [MESSAGE][PASSED] - Object 'Object Repository/Filters/product_Names' is visible

21-08-2024T02:08:54 - [MESSAGE][INFO] - productBrands = PICARD

21-08-2024T02:08:54 - [MESSAGE][INFO] - productBrands = BUGATTI

21-08-2024T02:08:54 - [MESSAGE][INFO] - productBrands = AMERICAN TOURISTER

21-08-2024T02:08:54 - [MESSAGE][INFO] - productBrands = TED BAKER

21-08-2024T02:08:54 - [MESSAGE][INFO] - productBrands = BUGATTI

21-08-2024T02:08:54 - [MESSAGE][INFO] - productBrands = BUGATTI

21-08-2024T02:08:54 - [MESSAGE][INFO] - productBrands = AMERICAN TOURISTER

21-08-2024T02:08:54 - [MESSAGE][INFO] - productBrands = RONCATO

21-08-2024T02:08:54 - [MESSAGE][INFO] - productBrands = RONCATO

21-08-2024T02:08:54 - [MESSAGE][INFO] - productBrands = RONCATO

21-08-2024T02:08:54 - [MESSAGE][INFO] - productBrands = RONCATO

21-08-2024T02:08:54 - [MESSAGE][INFO] - productBrands = FJÄLLRÄVEN

21-08-2024T02:08:54 - [MESSAGE][INFO] - productBrands = MARC O'POLO

21-08-2024T02:08:54 - [MESSAGE][INFO] - productBrands = MARC O'POLO

21-08-2024T02:08:54 - [MESSAGE][INFO] - productBrands = U.S. POLO ASSN.

21-08-2024T02:08:54 - [MESSAGE][INFO] - productBrands = LACOSTE

21-08-2024T02:08:54 - [MESSAGE][INFO] - productBrands = MARC O'POLO

21-08-2024T02:08:54 - [MESSAGE][INFO] - productBrands = U.S. POLO ASSN.

21-08-2024T02:08:54 - [MESSAGE][INFO] - productBrands = LACOSTE

21-08-2024T02:08:54 - [MESSAGE][INFO] - productBrands = U.S. POLO ASSN.

21-08-2024T02:08:54 - [MESSAGE][INFO] - productBrands = U.S. POLO ASSN.

21-08-2024T02:08:54 - [MESSAGE][INFO] - productBrands = REISENTHEL

21-08-2024T02:08:55 - [MESSAGE][INFO] - productBrands = REISENTHEL

21-08-2024T02:08:55 - [MESSAGE][INFO] - productBrands = REISENTHEL

21-08-2024T02:08:55 - [MESSAGE][INFO] - productBrands = REISENTHEL

21-08-2024T02:08:55 - [MESSAGE][INFO] - productBrands = HUGO BOSS

21-08-2024T02:08:55 - [MESSAGE][INFO] - productBrands = HUGO BOSS

21-08-2024T02:08:55 - [MESSAGE][INFO] - productBrands = REISENTHEL

21-08-2024T02:08:55 - [MESSAGE][INFO] - productBrands = HUGO BOSS

21-08-2024T02:08:55 - [MESSAGE][INFO] - productBrands = REDOLZ

21-08-2024T02:08:55 - [MESSAGE][INFO] - productBrands = HUGO BOSS

21-08-2024T02:08:55 - [MESSAGE][INFO] - productBrands = JOOP! JEANS

21-08-2024T02:08:55 - [MESSAGE][INFO] - productBrands = JOOP!

21-08-2024T02:08:55 - [MESSAGE][INFO] - productBrands = REISENTHEL

21-08-2024T02:08:55 - [MESSAGE][INFO] - productBrands = REISENTHEL

21-08-2024T02:08:55 - [MESSAGE][INFO] - productBrands = JOOP! JEANS

21-08-2024T02:08:55 - [MESSAGE][INFO] - productBrands = REISENTHEL

21-08-2024T02:08:55 - [MESSAGE][INFO] - productBrands = REISENTHEL

21-08-2024T02:08:55 - [MESSAGE][INFO] - productBrands = REISENTHEL

21-08-2024T02:08:55 - [MESSAGE][INFO] - productBrands = PICARD

21-08-2024T02:08:55 - [MESSAGE][INFO] - productBrands = COWBOYSBAG

21-08-2024T02:08:55 - [MESSAGE][INFO] - productBrands = PICARD

21-08-2024T02:08:55 - [MESSAGE][INFO] - productBrands = PICARD

21-08-2024T02:08:55 - [MESSAGE][INFO] - productBrands = PICARD

21-08-2024T02:08:55 - [MESSAGE][INFO] - productBrands = PICARD

21-08-2024T02:08:55 - [MESSAGE][INFO] - productBrands = TRAVELITE

21-08-2024T02:09:02 - [MESSAGE][INFO] - 0 hidden object(s)

21-08-2024T02:09:03 - [MESSAGE][PASSED] - Taking screenshot successfully
[[ATTACHMENT|C:\\Users\\Dell\\git\\Applause_Assignment\\Reports\\20240821_020619\\SearchProducts\\20240821_020619\\1724186335443.png]]

21-08-2024T02:09:03 - [MESSAGE][PASSED] - com.Commons.CommonMethods.listOutTheProductBasedOnFilters is PASSED

21-08-2024T02:09:03 - [TEST_STEP][PASSED] - closeBrowser(): Browser is closed

21-08-2024T02:09:04 - [MESSAGE][PASSED] - Browser is closed]]></system-out>
         <system-err><![CDATA[]]></system-err>
      </testcase>
      <system-out><![CDATA[21-08-2024T02:06:26 - [TEST_SUITE][PASSED] - SearchProducts: Test Cases/TC_SearchProducts]]></system-out>
      <system-err><![CDATA[]]></system-err>
   </testsuite>
</testsuites>
