<?xml version="1.0" encoding="UTF-8"?>
<testsuites name="SearchProducts" time="170.039" tests="2" failures="0" errors="0">
   <testsuite name="SearchProducts" tests="2" failures="0" errors="0" time="170.039" skipped="0" timestamp="21-08-2024T03:38:48" hostname="Dell - DESKTOP-RBJSP3C" id="Test Suites/SearchProducts">
      <properties>
[...]
</properties>
      <testcase name="Test Cases/TC_SearchProducts" time="90.456" classname="Test Cases/TC_SearchProducts" status="PASSED">
         <system-out><![CDATA[21-08-2024T03:38:49 - [TEST_CASE][PASSED] - Test Cases/TC_SearchProducts: Test Cases/TC_SearchProducts

21-08-2024T03:38:49 - [TEST_STEP][PASSED] - com.Commons.CommonMethods.navigateToUrl(url): com.Commons.CommonMethods.navigateToUrl is PASSED

21-08-2024T03:38:50 - [MESSAGE][INFO] - Starting 'Chrome' driver

21-08-2024T03:38:50 - [MESSAGE][INFO] - Action delay is set to 0 milliseconds

21-08-2024T03:38:53 - [MESSAGE][PASSED] - Browser is opened with url: ''

21-08-2024T03:38:56 - [MESSAGE][PASSED] - Navigate to 'https://www.douglas.de/de' successfully

21-08-2024T03:38:57 - [MESSAGE][PASSED] - Current window maximized

21-08-2024T03:39:04 - [MESSAGE][PASSED] - Object 'Object Repository/AcceptCookies/button_ALLE ERLAUBEN' is present

21-08-2024T03:39:05 - [MESSAGE][PASSED] - Object: 'Object Repository/AcceptCookies/button_ALLE ERLAUBEN' is clicked on

21-08-2024T03:39:11 - [MESSAGE][INFO] - Unable to find the element located by 'By.xpath: //button[@class="survey-modal__close-inner"]'. Please recheck the objects properties to make sure the desired element is located. 

21-08-2024T03:39:11 - [MESSAGE][WARNING] - [SELF-HEALING] Failed to find element with id 'Object Repository/AcceptCookies/button_Close'. Try using Self-healing.

21-08-2024T03:39:12 - [MESSAGE][INFO] - [SELF-HEALING] No working XPath is found.

21-08-2024T03:39:13 - [MESSAGE][INFO] - Unable to find the element located by 'By.xpath: '. Please recheck the objects properties to make sure the desired element is located. 

21-08-2024T03:39:13 - [MESSAGE][WARNING] - [SELF-HEALING] Cannot find elements when the selector is null

21-08-2024T03:39:13 - [MESSAGE][WARNING] - Object 'Object Repository/AcceptCookies/button_Close' is not present after 5 second(s)

21-08-2024T03:39:14 - [MESSAGE][PASSED] - Taking screenshot successfully
[[ATTACHMENT|C:\\Users\\Dell\\git\\Applause_Assignment\\Reports\\20240821_033840\\SearchProducts\\20240821_033840\\1724191753918.png]]

21-08-2024T03:39:14 - [MESSAGE][PASSED] - com.Commons.CommonMethods.navigateToUrl is PASSED

21-08-2024T03:39:14 - [TEST_STEP][PASSED] - com.Commons.CommonMethods.selctCriteria(Criteria): com.Commons.CommonMethods.selctCriteria is PASSED

21-08-2024T03:39:15 - [MESSAGE][PASSED] - Object 'Object Repository/Filters/select_Criteria' is clickable

21-08-2024T03:39:15 - [MESSAGE][PASSED] - Object: 'Object Repository/Filters/button_Next' is clicked on

21-08-2024T03:39:16 - [MESSAGE][PASSED] - Object: 'Object Repository/Filters/select_Criteria' is clicked on

21-08-2024T03:39:18 - [MESSAGE][PASSED] - Delayed 2 second(s)

21-08-2024T03:39:29 - [MESSAGE][PASSED] - Object: 'Object Repository/Filters/button_Next' is clicked on

21-08-2024T03:39:29 - [MESSAGE][PASSED] - Taking screenshot successfully
[[ATTACHMENT|C:\\Users\\Dell\\git\\Applause_Assignment\\Reports\\20240821_033840\\SearchProducts\\20240821_033840\\1724191769828.png]]

21-08-2024T03:39:29 - [MESSAGE][PASSED] - com.Commons.CommonMethods.selctCriteria is PASSED

21-08-2024T03:39:29 - [TEST_STEP][PASSED] - com.Commons.CommonMethods.selectFilters(Marke, Produktart, GeschenkFur, FurWen): com.Commons.CommonMethods.selectFilters is PASSED

21-08-2024T03:39:30 - [MESSAGE][PASSED] - Object 'Object Repository/Filters/select_Filter' is clickable

21-08-2024T03:39:32 - [MESSAGE][PASSED] - Object: 'Object Repository/Filters/select_Filter' is clicked on

21-08-2024T03:39:33 - [MESSAGE][PASSED] - Object: 'Object Repository/Filters/logo' is hovered

21-08-2024T03:39:35 - [MESSAGE][PASSED] - Delayed 2 second(s)

21-08-2024T03:39:35 - [MESSAGE][PASSED] - Object 'Object Repository/Filters/select_checkBox' is clickable

21-08-2024T03:39:37 - [MESSAGE][PASSED] - Object 'Object Repository/Filters/select_checkBox' is checked

21-08-2024T03:39:41 - [MESSAGE][PASSED] - Object: 'Object Repository/Filters/button_Produkte anzeigen' is clicked on

21-08-2024T03:39:42 - [MESSAGE][PASSED] - Taking screenshot successfully
[[ATTACHMENT|C:\\Users\\Dell\\git\\Applause_Assignment\\Reports\\20240821_033840\\SearchProducts\\20240821_033840\\1724191781981.png]]

21-08-2024T03:39:47 - [MESSAGE][PASSED] - Delayed 5 second(s)

21-08-2024T03:39:47 - [MESSAGE][PASSED] - Object 'Object Repository/Filters/select_Filter' is clickable

21-08-2024T03:39:48 - [MESSAGE][PASSED] - Object: 'Object Repository/Filters/select_Filter' is clicked on

21-08-2024T03:39:49 - [MESSAGE][PASSED] - Object: 'Object Repository/Filters/logo' is hovered

21-08-2024T03:39:51 - [MESSAGE][PASSED] - Delayed 2 second(s)

21-08-2024T03:39:51 - [MESSAGE][PASSED] - Object 'Object Repository/Filters/select_checkBox' is clickable

21-08-2024T03:39:52 - [MESSAGE][PASSED] - Object 'Object Repository/Filters/select_checkBox' is checked

21-08-2024T03:39:54 - [MESSAGE][PASSED] - Object: 'Object Repository/Filters/button_Produkte anzeigen' is clicked on

21-08-2024T03:39:55 - [MESSAGE][PASSED] - Taking screenshot successfully
[[ATTACHMENT|C:\\Users\\Dell\\git\\Applause_Assignment\\Reports\\20240821_033840\\SearchProducts\\20240821_033840\\1724191795618.png]]

21-08-2024T03:40:00 - [MESSAGE][PASSED] - Delayed 5 second(s)

21-08-2024T03:40:05 - [MESSAGE][PASSED] - Delayed 5 second(s)

21-08-2024T03:40:06 - [MESSAGE][PASSED] - Object 'Object Repository/Filters/select_Filter' is clickable

21-08-2024T03:40:06 - [MESSAGE][PASSED] - Object: 'Object Repository/Filters/select_Filter' is clicked on

21-08-2024T03:40:07 - [MESSAGE][PASSED] - Object: 'Object Repository/Filters/logo' is hovered

21-08-2024T03:40:09 - [MESSAGE][PASSED] - Delayed 2 second(s)

21-08-2024T03:40:10 - [MESSAGE][PASSED] - Object 'Object Repository/Filters/select_checkBox' is clickable

21-08-2024T03:40:10 - [MESSAGE][PASSED] - Object 'Object Repository/Filters/select_checkBox' is checked

21-08-2024T03:40:12 - [MESSAGE][PASSED] - Object: 'Object Repository/Filters/button_Produkte anzeigen' is clicked on

21-08-2024T03:40:13 - [MESSAGE][PASSED] - Taking screenshot successfully
[[ATTACHMENT|C:\\Users\\Dell\\git\\Applause_Assignment\\Reports\\20240821_033840\\SearchProducts\\20240821_033840\\1724191813564.png]]

21-08-2024T03:40:13 - [MESSAGE][PASSED] - com.Commons.CommonMethods.selectFilters is PASSED

21-08-2024T03:40:13 - [TEST_STEP][PASSED] - com.Commons.CommonMethods.listOutTheProductBasedOnFilters(): com.Commons.CommonMethods.listOutTheProductBasedOnFilters is PASSED

21-08-2024T03:40:14 - [MESSAGE][PASSED] - Object 'Object Repository/Filters/product_Names' is visible

21-08-2024T03:40:14 - [MESSAGE][INFO] - productBrands = -417

21-08-2024T03:40:14 - [MESSAGE][INFO] - productBrands = -417

21-08-2024T03:40:17 - [MESSAGE][INFO] - 0 hidden object(s)

21-08-2024T03:40:18 - [MESSAGE][PASSED] - Taking screenshot successfully
[[ATTACHMENT|C:\\Users\\Dell\\git\\Applause_Assignment\\Reports\\20240821_033840\\SearchProducts\\20240821_033840\\1724191814505.png]]

21-08-2024T03:40:18 - [MESSAGE][PASSED] - com.Commons.CommonMethods.listOutTheProductBasedOnFilters is PASSED

21-08-2024T03:40:18 - [TEST_STEP][PASSED] - closeBrowser(): Browser is closed

21-08-2024T03:40:19 - [MESSAGE][PASSED] - Browser is closed]]></system-out>
         <system-err><![CDATA[]]></system-err>
      </testcase>
      <testcase name="Test Cases/TC_SearchProducts" time="78.81" classname="Test Cases/TC_SearchProducts" status="PASSED">
         <system-out><![CDATA[21-08-2024T03:40:19 - [TEST_CASE][PASSED] - Test Cases/TC_SearchProducts: Test Cases/TC_SearchProducts

21-08-2024T03:40:19 - [TEST_STEP][PASSED] - com.Commons.CommonMethods.navigateToUrl(url): com.Commons.CommonMethods.navigateToUrl is PASSED

21-08-2024T03:40:19 - [MESSAGE][INFO] - Starting 'Chrome' driver

21-08-2024T03:40:19 - [MESSAGE][INFO] - Action delay is set to 0 milliseconds

21-08-2024T03:40:25 - [MESSAGE][PASSED] - Browser is opened with url: ''

21-08-2024T03:40:29 - [MESSAGE][PASSED] - Navigate to 'https://www.douglas.de/de' successfully

21-08-2024T03:40:30 - [MESSAGE][PASSED] - Current window maximized

21-08-2024T03:40:34 - [MESSAGE][INFO] - Unable to find the element located by 'div > div.sc-aXZVg.jmAsbz > #focus-lock-id > #focus-lock-id > div.sc-dAlyuH.gRvRiD > #uc-center-container > div.sc-eBMEME.dRvQzh > div.sc-dCFHLb.eNfaCm > div.sc-jsJBEP.iXSECa > div.sc-eeDRCY.fnyekb > button.sc-dcJsrY.eIFzaz'. Please recheck the objects properties to make sure the desired element is located. 

21-08-2024T03:40:36 - [MESSAGE][PASSED] - Object 'Object Repository/AcceptCookies/button_ALLE ERLAUBEN' is present

21-08-2024T03:40:36 - [MESSAGE][PASSED] - Object: 'Object Repository/AcceptCookies/button_ALLE ERLAUBEN' is clicked on

21-08-2024T03:40:39 - [MESSAGE][PASSED] - Object 'Object Repository/AcceptCookies/button_Close' is present

21-08-2024T03:40:40 - [MESSAGE][PASSED] - Object: 'Object Repository/AcceptCookies/button_Close' is clicked on

21-08-2024T03:40:40 - [MESSAGE][PASSED] - Taking screenshot successfully
[[ATTACHMENT|C:\\Users\\Dell\\git\\Applause_Assignment\\Reports\\20240821_033840\\SearchProducts\\20240821_033840\\1724191840634.png]]

21-08-2024T03:40:40 - [MESSAGE][PASSED] - com.Commons.CommonMethods.navigateToUrl is PASSED

21-08-2024T03:40:40 - [TEST_STEP][PASSED] - com.Commons.CommonMethods.selctCriteria(Criteria): com.Commons.CommonMethods.selctCriteria is PASSED

21-08-2024T03:40:41 - [MESSAGE][PASSED] - Object 'Object Repository/Filters/select_Criteria' is clickable

21-08-2024T03:40:41 - [MESSAGE][PASSED] - Object: 'Object Repository/Filters/button_Next' is clicked on

21-08-2024T03:40:42 - [MESSAGE][PASSED] - Object: 'Object Repository/Filters/select_Criteria' is clicked on

21-08-2024T03:40:44 - [MESSAGE][PASSED] - Delayed 2 second(s)

21-08-2024T03:40:48 - [MESSAGE][PASSED] - Object: 'Object Repository/Filters/button_Next' is clicked on

21-08-2024T03:40:49 - [MESSAGE][PASSED] - Taking screenshot successfully
[[ATTACHMENT|C:\\Users\\Dell\\git\\Applause_Assignment\\Reports\\20240821_033840\\SearchProducts\\20240821_033840\\1724191849052.png]]

21-08-2024T03:40:49 - [MESSAGE][PASSED] - com.Commons.CommonMethods.selctCriteria is PASSED

21-08-2024T03:40:49 - [TEST_STEP][PASSED] - com.Commons.CommonMethods.selectFilters(Marke, Produktart, GeschenkFur, FurWen): com.Commons.CommonMethods.selectFilters is PASSED

21-08-2024T03:40:54 - [MESSAGE][PASSED] - Delayed 5 second(s)

21-08-2024T03:40:54 - [MESSAGE][PASSED] - Object 'Object Repository/Filters/select_Filter' is clickable

21-08-2024T03:40:55 - [MESSAGE][PASSED] - Object: 'Object Repository/Filters/select_Filter' is clicked on

21-08-2024T03:40:56 - [MESSAGE][PASSED] - Object: 'Object Repository/Filters/logo' is hovered

21-08-2024T03:40:58 - [MESSAGE][PASSED] - Delayed 2 second(s)

21-08-2024T03:40:58 - [MESSAGE][PASSED] - Object 'Object Repository/Filters/select_checkBox' is clickable

21-08-2024T03:40:59 - [MESSAGE][PASSED] - Object 'Object Repository/Filters/select_checkBox' is checked

21-08-2024T03:41:03 - [MESSAGE][PASSED] - Object: 'Object Repository/Filters/button_Produkte anzeigen' is clicked on

21-08-2024T03:41:05 - [MESSAGE][PASSED] - Taking screenshot successfully
[[ATTACHMENT|C:\\Users\\Dell\\git\\Applause_Assignment\\Reports\\20240821_033840\\SearchProducts\\20240821_033840\\1724191864918.png]]

21-08-2024T03:41:10 - [MESSAGE][PASSED] - Delayed 5 second(s)

21-08-2024T03:41:15 - [MESSAGE][PASSED] - Delayed 5 second(s)

21-08-2024T03:41:16 - [MESSAGE][PASSED] - Object 'Object Repository/Filters/select_Filter' is clickable

21-08-2024T03:41:17 - [MESSAGE][PASSED] - Object: 'Object Repository/Filters/select_Filter' is clicked on

21-08-2024T03:41:17 - [MESSAGE][PASSED] - Object: 'Object Repository/Filters/logo' is hovered

21-08-2024T03:41:19 - [MESSAGE][PASSED] - Delayed 2 second(s)

21-08-2024T03:41:20 - [MESSAGE][PASSED] - Object 'Object Repository/Filters/select_checkBox' is clickable

21-08-2024T03:41:21 - [MESSAGE][PASSED] - Object 'Object Repository/Filters/select_checkBox' is checked

21-08-2024T03:41:24 - [MESSAGE][PASSED] - Object: 'Object Repository/Filters/button_Produkte anzeigen' is clicked on

21-08-2024T03:41:25 - [MESSAGE][PASSED] - Taking screenshot successfully
[[ATTACHMENT|C:\\Users\\Dell\\git\\Applause_Assignment\\Reports\\20240821_033840\\SearchProducts\\20240821_033840\\1724191885601.png]]

21-08-2024T03:41:25 - [MESSAGE][PASSED] - com.Commons.CommonMethods.selectFilters is PASSED

21-08-2024T03:41:25 - [TEST_STEP][PASSED] - com.Commons.CommonMethods.listOutTheProductBasedOnFilters(): com.Commons.CommonMethods.listOutTheProductBasedOnFilters is PASSED

21-08-2024T03:41:26 - [MESSAGE][PASSED] - Object 'Object Repository/Filters/product_Names' is visible

21-08-2024T03:41:26 - [MESSAGE][INFO] - productBrands = PICARD

21-08-2024T03:41:26 - [MESSAGE][INFO] - productBrands = BUGATTI

21-08-2024T03:41:26 - [MESSAGE][INFO] - productBrands = AMERICAN TOURISTER

21-08-2024T03:41:26 - [MESSAGE][INFO] - productBrands = TED BAKER

21-08-2024T03:41:26 - [MESSAGE][INFO] - productBrands = BUGATTI

21-08-2024T03:41:26 - [MESSAGE][INFO] - productBrands = BUGATTI

21-08-2024T03:41:26 - [MESSAGE][INFO] - productBrands = AMERICAN TOURISTER

21-08-2024T03:41:26 - [MESSAGE][INFO] - productBrands = RONCATO

21-08-2024T03:41:26 - [MESSAGE][INFO] - productBrands = RONCATO

21-08-2024T03:41:26 - [MESSAGE][INFO] - productBrands = RONCATO

21-08-2024T03:41:26 - [MESSAGE][INFO] - productBrands = RONCATO

21-08-2024T03:41:26 - [MESSAGE][INFO] - productBrands = FJÄLLRÄVEN

21-08-2024T03:41:26 - [MESSAGE][INFO] - productBrands = MARC O'POLO

21-08-2024T03:41:26 - [MESSAGE][INFO] - productBrands = MARC O'POLO

21-08-2024T03:41:26 - [MESSAGE][INFO] - productBrands = U.S. POLO ASSN.

21-08-2024T03:41:26 - [MESSAGE][INFO] - productBrands = LACOSTE

21-08-2024T03:41:26 - [MESSAGE][INFO] - productBrands = MARC O'POLO

21-08-2024T03:41:26 - [MESSAGE][INFO] - productBrands = U.S. POLO ASSN.

21-08-2024T03:41:26 - [MESSAGE][INFO] - productBrands = LACOSTE

21-08-2024T03:41:26 - [MESSAGE][INFO] - productBrands = U.S. POLO ASSN.

21-08-2024T03:41:27 - [MESSAGE][INFO] - productBrands = U.S. POLO ASSN.

21-08-2024T03:41:27 - [MESSAGE][INFO] - productBrands = REISENTHEL

21-08-2024T03:41:27 - [MESSAGE][INFO] - productBrands = REISENTHEL

21-08-2024T03:41:27 - [MESSAGE][INFO] - productBrands = REISENTHEL

21-08-2024T03:41:27 - [MESSAGE][INFO] - productBrands = REISENTHEL

21-08-2024T03:41:27 - [MESSAGE][INFO] - productBrands = HUGO BOSS

21-08-2024T03:41:27 - [MESSAGE][INFO] - productBrands = HUGO BOSS

21-08-2024T03:41:27 - [MESSAGE][INFO] - productBrands = REISENTHEL

21-08-2024T03:41:27 - [MESSAGE][INFO] - productBrands = HUGO BOSS

21-08-2024T03:41:27 - [MESSAGE][INFO] - productBrands = REDOLZ

21-08-2024T03:41:27 - [MESSAGE][INFO] - productBrands = HUGO BOSS

21-08-2024T03:41:27 - [MESSAGE][INFO] - productBrands = JOOP! JEANS

21-08-2024T03:41:27 - [MESSAGE][INFO] - productBrands = REISENTHEL

21-08-2024T03:41:27 - [MESSAGE][INFO] - productBrands = JOOP!

21-08-2024T03:41:27 - [MESSAGE][INFO] - productBrands = REISENTHEL

21-08-2024T03:41:27 - [MESSAGE][INFO] - productBrands = JOOP! JEANS

21-08-2024T03:41:27 - [MESSAGE][INFO] - productBrands = REISENTHEL

21-08-2024T03:41:27 - [MESSAGE][INFO] - productBrands = REISENTHEL

21-08-2024T03:41:27 - [MESSAGE][INFO] - productBrands = REISENTHEL

21-08-2024T03:41:27 - [MESSAGE][INFO] - productBrands = PICARD

21-08-2024T03:41:27 - [MESSAGE][INFO] - productBrands = COWBOYSBAG

21-08-2024T03:41:27 - [MESSAGE][INFO] - productBrands = PICARD

21-08-2024T03:41:27 - [MESSAGE][INFO] - productBrands = PICARD

21-08-2024T03:41:27 - [MESSAGE][INFO] - productBrands = PICARD

21-08-2024T03:41:27 - [MESSAGE][INFO] - productBrands = PICARD

21-08-2024T03:41:27 - [MESSAGE][INFO] - productBrands = TRAVELITE

21-08-2024T03:41:36 - [MESSAGE][INFO] - 0 hidden object(s)

21-08-2024T03:41:37 - [MESSAGE][PASSED] - Taking screenshot successfully
[[ATTACHMENT|C:\\Users\\Dell\\git\\Applause_Assignment\\Reports\\20240821_033840\\SearchProducts\\20240821_033840\\1724191887647.png]]

21-08-2024T03:41:37 - [MESSAGE][PASSED] - com.Commons.CommonMethods.listOutTheProductBasedOnFilters is PASSED

21-08-2024T03:41:37 - [TEST_STEP][PASSED] - closeBrowser(): Browser is closed

21-08-2024T03:41:38 - [MESSAGE][PASSED] - Browser is closed]]></system-out>
         <system-err><![CDATA[]]></system-err>
      </testcase>
      <system-out><![CDATA[21-08-2024T03:38:48 - [TEST_SUITE][PASSED] - SearchProducts: Test Cases/TC_SearchProducts]]></system-out>
      <system-err><![CDATA[]]></system-err>
   </testsuite>
</testsuites>
